#
# There is insufficient memory for the Java Runtime Environment to continue.
# Native memory allocation (malloc) failed to allocate 228176 bytes. Error detail: Chunk::new
# Possible reasons:
#   The system is out of physical RAM or swap space
#   This process is running with CompressedOops enabled, and the Java Heap may be blocking the growth of the native heap
# Possible solutions:
#   Reduce memory load on the system
#   Increase physical memory or swap space
#   Check if swap backing store is full
#   Decrease Java heap size (-Xmx/-Xms)
#   Decrease number of Java threads
#   Decrease Java thread stack sizes (-Xss)
#   Set larger code cache with -XX:ReservedCodeCacheSize=
#   JVM is running with Unscaled Compressed Oops mode in which the Java heap is
#     placed in the first 4GB address space. The Java Heap base address is the
#     maximum limit for the native heap growth. Please use -XX:HeapBaseMinAddress
#     to set the Java Heap base and to place the Java Heap above 4GB virtual address.
# This output file may be truncated or incomplete.
#
#  Out of Memory Error (arena.cpp:191), pid=17104, tid=9300
#
# JRE version: OpenJDK Runtime Environment Temurin-17.0.11+9 (17.0.11+9) (build 17.0.11+9)
# Java VM: OpenJDK 64-Bit Server VM Temurin-17.0.11+9 (17.0.11+9, mixed mode, tiered, compressed oops, compressed class ptrs, parallel gc, windows-amd64)
# No core dump will be written. Minidumps are not enabled by default on client versions of Windows
#

---------------  S U M M A R Y ------------

Command Line: --add-modules=ALL-SYSTEM --add-opens=java.base/java.util=ALL-UNNAMED --add-opens=java.base/java.lang=ALL-UNNAMED --add-opens=java.base/sun.nio.fs=ALL-UNNAMED -Declipse.application=org.eclipse.jdt.ls.core.id1 -Dosgi.bundles.defaultStartLevel=4 -Declipse.product=org.eclipse.jdt.ls.core.product -Djava.import.generatesMetadataFilesAtProjectRoot=false -DDetectVMInstallationsJob.disabled=true -Dfile.encoding=utf8 -XX:+UseParallelGC -XX:GCTimeRatio=4 -XX:AdaptiveSizePolicyWeight=90 -Dsun.zip.disableMemoryMapping=true -Xmx1G -Xms100m -Xlog:disable -javaagent:c:\Users\Dell\.vscode\extensions\redhat.java-1.31.0-win32-x64\lombok\lombok-1.18.32.jar c:\Users\Dell\.vscode\extensions\redhat.java-1.31.0-win32-x64\server\plugins\org.eclipse.equinox.launcher_1.6.800.v20240513-1750.jar -configuration c:\Users\Dell\AppData\Roaming\Code\User\globalStorage\redhat.java\1.31.0\config_ss_win -data c:\Users\Dell\AppData\Roaming\Code\User\workspaceStorage\948d9ce6461e13378c3298214a0fac19\redhat.java\ss_ws --pipe=\\.\pipe\lsp-22e34dfe2d8de6625733694ee60262e9-sock

Host: Intel(R) Core(TM) i5-8265U CPU @ 1.60GHz, 8 cores, 7G,  Windows 11 , 64 bit Build 22000 (10.0.22000.2538)
Time: Mon Jun  3 06:12:27 2024 India Standard Time elapsed time: 8.016862 seconds (0d 0h 0m 8s)

---------------  T H R E A D  ---------------

Current thread (0x0000022eeaf47f40):  JavaThread "C2 CompilerThread0" daemon [_thread_in_native, id=9300, stack(0x000000e8ddc00000,0x000000e8ddd00000)]


Current CompileTask:
C2:   8016 2613 %     4       sun.security.provider.SHA::implCompress0 @ 27 (506 bytes)

Stack: [0x000000e8ddc00000,0x000000e8ddd00000]
Native frames: (J=compiled Java code, j=interpreted, Vv=VM code, C=native code)
V  [jvm.dll+0x67d429]
V  [jvm.dll+0x834b7a]
V  [jvm.dll+0x83663e]
V  [jvm.dll+0x836ca3]
V  [jvm.dll+0x247dbf]
V  [jvm.dll+0xac534]
V  [jvm.dll+0xacb7c]
V  [jvm.dll+0x2af2cf]
V  [jvm.dll+0x5848b7]
V  [jvm.dll+0x222d82]
V  [jvm.dll+0x22317f]
V  [jvm.dll+0x21c2a0]
V  [jvm.dll+0x2197a1]
V  [jvm.dll+0x1a534d]
V  [jvm.dll+0x2295cd]
V  [jvm.dll+0x22779c]
V  [jvm.dll+0x7e9d07]
V  [jvm.dll+0x7e410a]
V  [jvm.dll+0x67c315]
C  [ucrtbase.dll+0x26c0c]
C  [KERNEL32.DLL+0x153e0]
C  [ntdll.dll+0x485b]


---------------  P R O C E S S  ---------------

Threads class SMR info:
_java_thread_list=0x0000022eecde0090, length=21, elements={
0x0000022ed1d2aa40, 0x0000022ed1deab90, 0x0000022ed1dec0c0, 0x0000022ee5bc7f90,
0x0000022ee5bc8b20, 0x0000022ee5bc9e50, 0x0000022ee5bce890, 0x0000022eeaf47f40,
0x0000022eeaf48850, 0x0000022eeaf49160, 0x0000022eeafffc40, 0x0000022eebe21740,
0x0000022eec7e6030, 0x0000022eec8e7300, 0x0000022eec8e7ab0, 0x0000022eec576da0,
0x0000022eec6ef260, 0x0000022eec731080, 0x0000022eec7324c0, 0x0000022eec7329d0,
0x0000022eedc42be0
}

Java Threads: ( => current thread )
  0x0000022ed1d2aa40 JavaThread "main" [_thread_blocked, id=8248, stack(0x000000e8dd300000,0x000000e8dd400000)]
  0x0000022ed1deab90 JavaThread "Reference Handler" daemon [_thread_blocked, id=12800, stack(0x000000e8dd600000,0x000000e8dd700000)]
  0x0000022ed1dec0c0 JavaThread "Finalizer" daemon [_thread_blocked, id=6604, stack(0x000000e8dd700000,0x000000e8dd800000)]
  0x0000022ee5bc7f90 JavaThread "Signal Dispatcher" daemon [_thread_blocked, id=3084, stack(0x000000e8dd800000,0x000000e8dd900000)]
  0x0000022ee5bc8b20 JavaThread "Attach Listener" daemon [_thread_blocked, id=9476, stack(0x000000e8dd900000,0x000000e8dda00000)]
  0x0000022ee5bc9e50 JavaThread "Service Thread" daemon [_thread_blocked, id=6468, stack(0x000000e8dda00000,0x000000e8ddb00000)]
  0x0000022ee5bce890 JavaThread "Monitor Deflation Thread" daemon [_thread_blocked, id=10488, stack(0x000000e8ddb00000,0x000000e8ddc00000)]
=>0x0000022eeaf47f40 JavaThread "C2 CompilerThread0" daemon [_thread_in_native, id=9300, stack(0x000000e8ddc00000,0x000000e8ddd00000)]
  0x0000022eeaf48850 JavaThread "C1 CompilerThread0" daemon [_thread_blocked, id=14812, stack(0x000000e8ddd00000,0x000000e8dde00000)]
  0x0000022eeaf49160 JavaThread "Sweeper thread" daemon [_thread_blocked, id=12428, stack(0x000000e8dde00000,0x000000e8ddf00000)]
  0x0000022eeafffc40 JavaThread "Common-Cleaner" daemon [_thread_blocked, id=12088, stack(0x000000e8ddf00000,0x000000e8de000000)]
  0x0000022eebe21740 JavaThread "Notification Thread" daemon [_thread_blocked, id=10936, stack(0x000000e8de200000,0x000000e8de300000)]
  0x0000022eec7e6030 JavaThread "Active Thread: Equinox Container: 42512060-7cfe-4d42-a212-3610fcd68e7d" [_thread_blocked, id=12644, stack(0x000000e8dea00000,0x000000e8deb00000)]
  0x0000022eec8e7300 JavaThread "Framework Event Dispatcher: Equinox Container: 42512060-7cfe-4d42-a212-3610fcd68e7d" daemon [_thread_blocked, id=15936, stack(0x000000e8deb00000,0x000000e8dec00000)]
  0x0000022eec8e7ab0 JavaThread "Start Level: Equinox Container: 42512060-7cfe-4d42-a212-3610fcd68e7d" daemon [_thread_in_Java, id=15644, stack(0x000000e8dec00000,0x000000e8ded00000)]
  0x0000022eec576da0 JavaThread "SCR Component Actor" daemon [_thread_blocked, id=12284, stack(0x000000e8ded00000,0x000000e8dee00000)]
  0x0000022eec6ef260 JavaThread "SCR Component Registry" daemon [_thread_blocked, id=15216, stack(0x000000e8dee00000,0x000000e8def00000)]
  0x0000022eec731080 JavaThread "Worker-JM" [_thread_blocked, id=18316, stack(0x000000e8def00000,0x000000e8df000000)]
  0x0000022eec7324c0 JavaThread "Worker-0" [_thread_blocked, id=12924, stack(0x000000e8df000000,0x000000e8df100000)]
  0x0000022eec7329d0 JavaThread "Worker-1" [_thread_blocked, id=1304, stack(0x000000e8df100000,0x000000e8df200000)]
  0x0000022eedc42be0 JavaThread "C2 CompilerThread1" daemon [_thread_in_native, id=7684, stack(0x000000e8df200000,0x000000e8df300000)]

Other Threads:
  0x0000022ee5bbfcf0 VMThread "VM Thread" [stack: 0x000000e8dd500000,0x000000e8dd600000] [id=10344]
  0x0000022eebe21c20 WatcherThread [stack: 0x000000e8de300000,0x000000e8de400000] [id=15684]
  0x0000022ed1d40f90 GCTaskThread "GC Thread#0" [stack: 0x000000e8dd400000,0x000000e8dd500000] [id=10012]
  0x0000022eec219680 GCTaskThread "GC Thread#1" [stack: 0x000000e8de100000,0x000000e8de200000] [id=5572]
  0x0000022eec219940 GCTaskThread "GC Thread#2" [stack: 0x000000e8de400000,0x000000e8de500000] [id=11300]
  0x0000022eec187c80 GCTaskThread "GC Thread#3" [stack: 0x000000e8de500000,0x000000e8de600000] [id=12772]
  0x0000022eec470f00 GCTaskThread "GC Thread#4" [stack: 0x000000e8de600000,0x000000e8de700000] [id=18312]
  0x0000022eec4711c0 GCTaskThread "GC Thread#5" [stack: 0x000000e8de700000,0x000000e8de800000] [id=1460]
  0x0000022eec471480 GCTaskThread "GC Thread#6" [stack: 0x000000e8de800000,0x000000e8de900000] [id=15476]
  0x0000022eec47c580 GCTaskThread "GC Thread#7" [stack: 0x000000e8de900000,0x000000e8dea00000] [id=2408]

Threads with active compile tasks:
C2 CompilerThread0     8108 2613 %     4       sun.security.provider.SHA::implCompress0 @ 27 (506 bytes)
C2 CompilerThread1     8108 2660       4       java.util.zip.ZipFile::getZipEntry (322 bytes)

VM state: not at safepoint (normal execution)

VM Mutex/Monitor currently owned by a thread: None

Heap address: 0x00000000c0000000, size: 1024 MB, Compressed Oops mode: 32-bit

CDS archive(s) not mapped
Compressed class space mapped at: 0x0000000100000000-0x0000000140000000, reserved size: 1073741824
Narrow klass base: 0x0000000000000000, Narrow klass shift: 3, Narrow klass range: 0x140000000

GC Precious Log:
 CPUs: 8 total, 8 available
 Memory: 8064M
 Large Page Support: Disabled
 NUMA Support: Disabled
 Compressed Oops: Enabled (32-bit)
 Alignments: Space 512K, Generation 512K, Heap 2M
 Heap Min Capacity: 100M
 Heap Initial Capacity: 100M
 Heap Max Capacity: 1G
 Pre-touch: Disabled
 Parallel Workers: 8

Heap:
 PSYoungGen      total 27136K, used 22895K [0x00000000eab00000, 0x00000000ec900000, 0x0000000100000000)
  eden space 24576K, 82% used [0x00000000eab00000,0x00000000ebedcfc0,0x00000000ec300000)
  from space 2560K, 99% used [0x00000000ec600000,0x00000000ec87ef70,0x00000000ec880000)
  to   space 3072K, 0% used [0x00000000ec300000,0x00000000ec300000,0x00000000ec600000)
 ParOldGen       total 68608K, used 6826K [0x00000000c0000000, 0x00000000c4300000, 0x00000000eab00000)
  object space 68608K, 9% used [0x00000000c0000000,0x00000000c06aaa68,0x00000000c4300000)
 Metaspace       used 29468K, committed 29952K, reserved 1114112K
  class space    used 2827K, committed 3008K, reserved 1048576K

Card table byte_map: [0x0000022ed16d0000,0x0000022ed18e0000] _byte_map_base: 0x0000022ed10d0000

Marking Bits: (ParMarkBitMap*) 0x00007ffd2947d820
 Begin Bits: [0x0000022ee39d0000, 0x0000022ee49d0000)
 End Bits:   [0x0000022ee49d0000, 0x0000022ee59d0000)

Polling page: 0x0000022ecfce0000

Metaspace:

Usage:
  Non-class:     26.02 MB used.
      Class:      2.76 MB used.
       Both:     28.78 MB used.

Virtual space:
  Non-class space:       64.00 MB reserved,      26.31 MB ( 41%) committed,  1 nodes.
      Class space:        1.00 GB reserved,       2.94 MB ( <1%) committed,  1 nodes.
             Both:        1.06 GB reserved,      29.25 MB (  3%) committed. 

Chunk freelists:
   Non-Class:  4.84 MB
       Class:  13.00 MB
        Both:  17.84 MB

MaxMetaspaceSize: unlimited
CompressedClassSpaceSize: 1.00 GB
Initial GC threshold: 21.00 MB
Current GC threshold: 35.00 MB
CDS: off
MetaspaceReclaimPolicy: balanced
 - commit_granule_bytes: 65536.
 - commit_granule_words: 8192.
 - virtual_space_node_default_size: 8388608.
 - enlarge_chunks_in_place: 1.
 - new_chunks_are_fully_committed: 0.
 - uncommit_free_chunks: 1.
 - use_allocation_guard: 0.
 - handle_deallocations: 1.


Internal statistics:

num_allocs_failed_limit: 3.
num_arena_births: 302.
num_arena_deaths: 14.
num_vsnodes_births: 2.
num_vsnodes_deaths: 0.
num_space_committed: 468.
num_space_uncommitted: 0.
num_chunks_returned_to_freelist: 17.
num_chunks_taken_from_freelist: 1100.
num_chunk_merges: 5.
num_chunk_splits: 714.
num_chunks_enlarged: 507.
num_inconsistent_stats: 0.

CodeHeap 'non-profiled nmethods': size=120000Kb used=1164Kb max_used=1164Kb free=118835Kb
 bounds [0x0000022edc4a0000, 0x0000022edc710000, 0x0000022ee39d0000]
CodeHeap 'profiled nmethods': size=120000Kb used=5315Kb max_used=5315Kb free=114684Kb
 bounds [0x0000022ed49d0000, 0x0000022ed4f10000, 0x0000022edbf00000]
CodeHeap 'non-nmethods': size=5760Kb used=1239Kb max_used=1292Kb free=4520Kb
 bounds [0x0000022edbf00000, 0x0000022edc170000, 0x0000022edc4a0000]
 total_blobs=3212 nmethods=2656 adapters=470
 compilation: enabled
              stopped_count=0, restarted_count=0
 full_count=0

Compilation events (20 events):
Event: 7.984 Thread 0x0000022eeaf48850 2622  s    3       sun.nio.fs.WindowsDirectoryStream$WindowsDirectoryIterator::hasNext (35 bytes)
Event: 7.985 Thread 0x0000022eeaf48850 nmethod 2622 0x0000022ed4eead90 code [0x0000022ed4eeaf40, 0x0000022ed4eeb228]
Event: 7.985 Thread 0x0000022eeaf48850 2609       1       java.nio.file.Files$AcceptAllFilter::accept (2 bytes)
Event: 7.985 Thread 0x0000022eeaf48850 nmethod 2609 0x0000022edc5c0390 code [0x0000022edc5c0520, 0x0000022edc5c05f8]
Event: 7.985 Thread 0x0000022eeaf48850 2619       3       sun.nio.fs.WindowsPath::getFileName (87 bytes)
Event: 7.987 Thread 0x0000022eeaf48850 nmethod 2619 0x0000022ed4eeb310 code [0x0000022ed4eeb5c0, 0x0000022ed4eec308]
Event: 7.988 Thread 0x0000022eeaf48850 2624       3       sun.nio.fs.WindowsFileAttributes::fromFindData (127 bytes)
Event: 7.989 Thread 0x0000022eeaf48850 nmethod 2624 0x0000022ed4eec810 code [0x0000022ed4eeca00, 0x0000022ed4eed048]
Event: 7.989 Thread 0x0000022eeaf48850 2625   !   3       sun.nio.fs.WindowsDirectoryStream$WindowsDirectoryIterator::acceptEntry (71 bytes)
Event: 7.991 Thread 0x0000022eeaf48850 nmethod 2625 0x0000022ed4eed310 code [0x0000022ed4eed560, 0x0000022ed4eedd48]
Event: 7.991 Thread 0x0000022eeaf48850 2626       3       sun.nio.fs.WindowsPath$WindowsPathWithAttributes::<init> (23 bytes)
Event: 7.992 Thread 0x0000022eeaf48850 nmethod 2626 0x0000022ed4eee190 code [0x0000022ed4eee360, 0x0000022ed4eee7d8]
Event: 7.992 Thread 0x0000022eeaf48850 2627       3       java.nio.file.Files$AcceptAllFilter::accept (9 bytes)
Event: 7.992 Thread 0x0000022eeaf48850 nmethod 2627 0x0000022ed4eeea10 code [0x0000022ed4eeebc0, 0x0000022ed4eeee38]
Event: 7.992 Thread 0x0000022eeaf48850 2628       3       sun.nio.fs.WindowsDirectoryStream$WindowsDirectoryIterator::next (5 bytes)
Event: 7.992 Thread 0x0000022eeaf48850 nmethod 2628 0x0000022ed4eeef10 code [0x0000022ed4eef0a0, 0x0000022ed4eef1e8]
Event: 7.992 Thread 0x0000022eeaf48850 2629  s    3       sun.nio.fs.WindowsDirectoryStream$WindowsDirectoryIterator::next (48 bytes)
Event: 7.993 Thread 0x0000022eeaf48850 nmethod 2629 0x0000022ed4eef290 code [0x0000022ed4eef460, 0x0000022ed4eef7f8]
Event: 7.993 Thread 0x0000022eeaf48850 2632       3       sun.invoke.util.Wrapper::isSubwordOrInt (20 bytes)
Event: 7.994 Thread 0x0000022eeaf48850 nmethod 2632 0x0000022ed4eef910 code [0x0000022ed4eefac0, 0x0000022ed4eefed8]

GC Heap History (14 events):
Event: 2.091 GC heap before
{Heap before GC invocations=1 (full 0):
 PSYoungGen      total 29696K, used 25600K [0x00000000eab00000, 0x00000000ecc00000, 0x0000000100000000)
  eden space 25600K, 100% used [0x00000000eab00000,0x00000000ec400000,0x00000000ec400000)
  from space 4096K, 0% used [0x00000000ec800000,0x00000000ec800000,0x00000000ecc00000)
  to   space 4096K, 0% used [0x00000000ec400000,0x00000000ec400000,0x00000000ec800000)
 ParOldGen       total 68608K, used 0K [0x00000000c0000000, 0x00000000c4300000, 0x00000000eab00000)
  object space 68608K, 0% used [0x00000000c0000000,0x00000000c0000000,0x00000000c4300000)
 Metaspace       used 11020K, committed 11200K, reserved 1114112K
  class space    used 1100K, committed 1216K, reserved 1048576K
}
Event: 2.104 GC heap after
{Heap after GC invocations=1 (full 0):
 PSYoungGen      total 29696K, used 3156K [0x00000000eab00000, 0x00000000ecc00000, 0x0000000100000000)
  eden space 25600K, 0% used [0x00000000eab00000,0x00000000eab00000,0x00000000ec400000)
  from space 4096K, 77% used [0x00000000ec400000,0x00000000ec715268,0x00000000ec800000)
  to   space 4096K, 0% used [0x00000000ec800000,0x00000000ec800000,0x00000000ecc00000)
 ParOldGen       total 68608K, used 16K [0x00000000c0000000, 0x00000000c4300000, 0x00000000eab00000)
  object space 68608K, 0% used [0x00000000c0000000,0x00000000c0004000,0x00000000c4300000)
 Metaspace       used 11020K, committed 11200K, reserved 1114112K
  class space    used 1100K, committed 1216K, reserved 1048576K
}
Event: 3.713 GC heap before
{Heap before GC invocations=2 (full 0):
 PSYoungGen      total 29696K, used 28756K [0x00000000eab00000, 0x00000000ecc00000, 0x0000000100000000)
  eden space 25600K, 100% used [0x00000000eab00000,0x00000000ec400000,0x00000000ec400000)
  from space 4096K, 77% used [0x00000000ec400000,0x00000000ec715268,0x00000000ec800000)
  to   space 4096K, 0% used [0x00000000ec800000,0x00000000ec800000,0x00000000ecc00000)
 ParOldGen       total 68608K, used 16K [0x00000000c0000000, 0x00000000c4300000, 0x00000000eab00000)
  object space 68608K, 0% used [0x00000000c0000000,0x00000000c0004000,0x00000000c4300000)
 Metaspace       used 14814K, committed 15104K, reserved 1114112K
  class space    used 1500K, committed 1664K, reserved 1048576K
}
Event: 3.722 GC heap after
{Heap after GC invocations=2 (full 0):
 PSYoungGen      total 29696K, used 4073K [0x00000000eab00000, 0x00000000ecc00000, 0x0000000100000000)
  eden space 25600K, 0% used [0x00000000eab00000,0x00000000eab00000,0x00000000ec400000)
  from space 4096K, 99% used [0x00000000ec800000,0x00000000ecbfa778,0x00000000ecc00000)
  to   space 4096K, 0% used [0x00000000ec400000,0x00000000ec400000,0x00000000ec800000)
 ParOldGen       total 68608K, used 750K [0x00000000c0000000, 0x00000000c4300000, 0x00000000eab00000)
  object space 68608K, 1% used [0x00000000c0000000,0x00000000c00bbb70,0x00000000c4300000)
 Metaspace       used 14814K, committed 15104K, reserved 1114112K
  class space    used 1500K, committed 1664K, reserved 1048576K
}
Event: 4.812 GC heap before
{Heap before GC invocations=3 (full 0):
 PSYoungGen      total 29696K, used 29673K [0x00000000eab00000, 0x00000000ecc00000, 0x0000000100000000)
  eden space 25600K, 100% used [0x00000000eab00000,0x00000000ec400000,0x00000000ec400000)
  from space 4096K, 99% used [0x00000000ec800000,0x00000000ecbfa778,0x00000000ecc00000)
  to   space 4096K, 0% used [0x00000000ec400000,0x00000000ec400000,0x00000000ec800000)
 ParOldGen       total 68608K, used 750K [0x00000000c0000000, 0x00000000c4300000, 0x00000000eab00000)
  object space 68608K, 1% used [0x00000000c0000000,0x00000000c00bbb70,0x00000000c4300000)
 Metaspace       used 19808K, committed 20224K, reserved 1114112K
  class space    used 2025K, committed 2176K, reserved 1048576K
}
Event: 4.820 GC heap after
{Heap after GC invocations=3 (full 0):
 PSYoungGen      total 29696K, used 4090K [0x00000000eab00000, 0x00000000ecc00000, 0x0000000100000000)
  eden space 25600K, 0% used [0x00000000eab00000,0x00000000eab00000,0x00000000ec400000)
  from space 4096K, 99% used [0x00000000ec400000,0x00000000ec7feae0,0x00000000ec800000)
  to   space 4096K, 0% used [0x00000000ec800000,0x00000000ec800000,0x00000000ecc00000)
 ParOldGen       total 68608K, used 2402K [0x00000000c0000000, 0x00000000c4300000, 0x00000000eab00000)
  object space 68608K, 3% used [0x00000000c0000000,0x00000000c0258bc0,0x00000000c4300000)
 Metaspace       used 19808K, committed 20224K, reserved 1114112K
  class space    used 2025K, committed 2176K, reserved 1048576K
}
Event: 5.327 GC heap before
{Heap before GC invocations=4 (full 0):
 PSYoungGen      total 29696K, used 11082K [0x00000000eab00000, 0x00000000ecc00000, 0x0000000100000000)
  eden space 25600K, 27% used [0x00000000eab00000,0x00000000eb1d3fa0,0x00000000ec400000)
  from space 4096K, 99% used [0x00000000ec400000,0x00000000ec7feae0,0x00000000ec800000)
  to   space 4096K, 0% used [0x00000000ec800000,0x00000000ec800000,0x00000000ecc00000)
 ParOldGen       total 68608K, used 2402K [0x00000000c0000000, 0x00000000c4300000, 0x00000000eab00000)
  object space 68608K, 3% used [0x00000000c0000000,0x00000000c0258bc0,0x00000000c4300000)
 Metaspace       used 21026K, committed 21504K, reserved 1114112K
  class space    used 2148K, committed 2368K, reserved 1048576K
}
Event: 5.332 GC heap after
{Heap after GC invocations=4 (full 0):
 PSYoungGen      total 29696K, used 4073K [0x00000000eab00000, 0x00000000ecc00000, 0x0000000100000000)
  eden space 25600K, 0% used [0x00000000eab00000,0x00000000eab00000,0x00000000ec400000)
  from space 4096K, 99% used [0x00000000ec800000,0x00000000ecbfa788,0x00000000ecc00000)
  to   space 4096K, 0% used [0x00000000ec400000,0x00000000ec400000,0x00000000ec800000)
 ParOldGen       total 68608K, used 2813K [0x00000000c0000000, 0x00000000c4300000, 0x00000000eab00000)
  object space 68608K, 4% used [0x00000000c0000000,0x00000000c02bf748,0x00000000c4300000)
 Metaspace       used 21026K, committed 21504K, reserved 1114112K
  class space    used 2148K, committed 2368K, reserved 1048576K
}
Event: 5.332 GC heap before
{Heap before GC invocations=5 (full 1):
 PSYoungGen      total 29696K, used 4073K [0x00000000eab00000, 0x00000000ecc00000, 0x0000000100000000)
  eden space 25600K, 0% used [0x00000000eab00000,0x00000000eab00000,0x00000000ec400000)
  from space 4096K, 99% used [0x00000000ec800000,0x00000000ecbfa788,0x00000000ecc00000)
  to   space 4096K, 0% used [0x00000000ec400000,0x00000000ec400000,0x00000000ec800000)
 ParOldGen       total 68608K, used 2813K [0x00000000c0000000, 0x00000000c4300000, 0x00000000eab00000)
  object space 68608K, 4% used [0x00000000c0000000,0x00000000c02bf748,0x00000000c4300000)
 Metaspace       used 21026K, committed 21504K, reserved 1114112K
  class space    used 2148K, committed 2368K, reserved 1048576K
}
Event: 5.375 GC heap after
{Heap after GC invocations=5 (full 1):
 PSYoungGen      total 29696K, used 0K [0x00000000eab00000, 0x00000000ecc00000, 0x0000000100000000)
  eden space 25600K, 0% used [0x00000000eab00000,0x00000000eab00000,0x00000000ec400000)
  from space 4096K, 0% used [0x00000000ec800000,0x00000000ec800000,0x00000000ecc00000)
  to   space 4096K, 0% used [0x00000000ec400000,0x00000000ec400000,0x00000000ec800000)
 ParOldGen       total 68608K, used 6731K [0x00000000c0000000, 0x00000000c4300000, 0x00000000eab00000)
  object space 68608K, 9% used [0x00000000c0000000,0x00000000c0692c88,0x00000000c4300000)
 Metaspace       used 21013K, committed 21504K, reserved 1114112K
  class space    used 2144K, committed 2368K, reserved 1048576K
}
Event: 6.212 GC heap before
{Heap before GC invocations=6 (full 1):
 PSYoungGen      total 29696K, used 25600K [0x00000000eab00000, 0x00000000ecc00000, 0x0000000100000000)
  eden space 25600K, 100% used [0x00000000eab00000,0x00000000ec400000,0x00000000ec400000)
  from space 4096K, 0% used [0x00000000ec800000,0x00000000ec800000,0x00000000ecc00000)
  to   space 4096K, 0% used [0x00000000ec400000,0x00000000ec400000,0x00000000ec800000)
 ParOldGen       total 68608K, used 6731K [0x00000000c0000000, 0x00000000c4300000, 0x00000000eab00000)
  object space 68608K, 9% used [0x00000000c0000000,0x00000000c0692c88,0x00000000c4300000)
 Metaspace       used 24003K, committed 24576K, reserved 1114112K
  class space    used 2371K, committed 2624K, reserved 1048576K
}
Event: 6.214 GC heap after
{Heap after GC invocations=6 (full 1):
 PSYoungGen      total 26112K, used 797K [0x00000000eab00000, 0x00000000ec880000, 0x0000000100000000)
  eden space 25088K, 0% used [0x00000000eab00000,0x00000000eab00000,0x00000000ec380000)
  from space 1024K, 77% used [0x00000000ec400000,0x00000000ec4c7408,0x00000000ec500000)
  to   space 2560K, 0% used [0x00000000ec600000,0x00000000ec600000,0x00000000ec880000)
 ParOldGen       total 68608K, used 6739K [0x00000000c0000000, 0x00000000c4300000, 0x00000000eab00000)
  object space 68608K, 9% used [0x00000000c0000000,0x00000000c0694c88,0x00000000c4300000)
 Metaspace       used 24003K, committed 24576K, reserved 1114112K
  class space    used 2371K, committed 2624K, reserved 1048576K
}
Event: 6.668 GC heap before
{Heap before GC invocations=7 (full 1):
 PSYoungGen      total 26112K, used 25885K [0x00000000eab00000, 0x00000000ec880000, 0x0000000100000000)
  eden space 25088K, 100% used [0x00000000eab00000,0x00000000ec380000,0x00000000ec380000)
  from space 1024K, 77% used [0x00000000ec400000,0x00000000ec4c7408,0x00000000ec500000)
  to   space 2560K, 0% used [0x00000000ec600000,0x00000000ec600000,0x00000000ec880000)
 ParOldGen       total 68608K, used 6739K [0x00000000c0000000, 0x00000000c4300000, 0x00000000eab00000)
  object space 68608K, 9% used [0x00000000c0000000,0x00000000c0694c88,0x00000000c4300000)
 Metaspace       used 27126K, committed 27712K, reserved 1114112K
  class space    used 2620K, committed 2880K, reserved 1048576K
}
Event: 6.671 GC heap after
{Heap after GC invocations=7 (full 1):
 PSYoungGen      total 27136K, used 2555K [0x00000000eab00000, 0x00000000ec900000, 0x0000000100000000)
  eden space 24576K, 0% used [0x00000000eab00000,0x00000000eab00000,0x00000000ec300000)
  from space 2560K, 99% used [0x00000000ec600000,0x00000000ec87ef70,0x00000000ec880000)
  to   space 3072K, 0% used [0x00000000ec300000,0x00000000ec300000,0x00000000ec600000)
 ParOldGen       total 68608K, used 6826K [0x00000000c0000000, 0x00000000c4300000, 0x00000000eab00000)
  object space 68608K, 9% used [0x00000000c0000000,0x00000000c06aaa68,0x00000000c4300000)
 Metaspace       used 27126K, committed 27712K, reserved 1114112K
  class space    used 2620K, committed 2880K, reserved 1048576K
}

Dll operation events (9 events):
Event: 0.018 Loaded shared library c:\Users\Dell\.vscode\extensions\redhat.java-1.31.0-win32-x64\jre\17.0.11-win32-x86_64\bin\java.dll
Event: 0.430 Loaded shared library c:\Users\Dell\.vscode\extensions\redhat.java-1.31.0-win32-x64\jre\17.0.11-win32-x86_64\bin\zip.dll
Event: 0.438 Loaded shared library C:\Users\Dell\.vscode\extensions\redhat.java-1.31.0-win32-x64\jre\17.0.11-win32-x86_64\bin\instrument.dll
Event: 0.478 Loaded shared library C:\Users\Dell\.vscode\extensions\redhat.java-1.31.0-win32-x64\jre\17.0.11-win32-x86_64\bin\net.dll
Event: 0.482 Loaded shared library C:\Users\Dell\.vscode\extensions\redhat.java-1.31.0-win32-x64\jre\17.0.11-win32-x86_64\bin\nio.dll
Event: 0.496 Loaded shared library C:\Users\Dell\.vscode\extensions\redhat.java-1.31.0-win32-x64\jre\17.0.11-win32-x86_64\bin\zip.dll
Event: 0.532 Loaded shared library C:\Users\Dell\.vscode\extensions\redhat.java-1.31.0-win32-x64\jre\17.0.11-win32-x86_64\bin\jimage.dll
Event: 0.662 Loaded shared library c:\Users\Dell\.vscode\extensions\redhat.java-1.31.0-win32-x64\jre\17.0.11-win32-x86_64\bin\verify.dll
Event: 3.482 Loaded shared library C:\Users\Dell\AppData\Roaming\Code\User\globalStorage\redhat.java\1.31.0\config_ss_win\org.eclipse.equinox.launcher\org.eclipse.equinox.launcher.win32.win32.x86_64_1.2.1000.v20240507-1834\eclipse_11902.dll

Deoptimization events (20 events):
Event: 6.948 Thread 0x0000022eec8e7ab0 DEOPT PACKING pc=0x0000022ed4aba01e sp=0x000000e8decf8f30
Event: 6.948 Thread 0x0000022eec8e7ab0 DEOPT UNPACKING pc=0x0000022edbf56e43 sp=0x000000e8decf8428 mode 0
Event: 6.950 Thread 0x0000022eec8e7ab0 DEOPT PACKING pc=0x0000022ed4aba01e sp=0x000000e8decf8f30
Event: 6.950 Thread 0x0000022eec8e7ab0 DEOPT UNPACKING pc=0x0000022edbf56e43 sp=0x000000e8decf8428 mode 0
Event: 7.132 Thread 0x0000022eec8e7ab0 Uncommon trap: trap_request=0xffffff45 fr.pc=0x0000022edc4ba724 relative=0x0000000000000384
Event: 7.132 Thread 0x0000022eec8e7ab0 Uncommon trap: reason=unstable_if action=reinterpret pc=0x0000022edc4ba724 method=java.lang.StringLatin1.canEncode(I)Z @ 4 c2
Event: 7.132 Thread 0x0000022eec8e7ab0 DEOPT PACKING pc=0x0000022edc4ba724 sp=0x000000e8decfe740
Event: 7.132 Thread 0x0000022eec8e7ab0 DEOPT UNPACKING pc=0x0000022edbf566a3 sp=0x000000e8decfe668 mode 2
Event: 7.132 Thread 0x0000022eec8e7ab0 Uncommon trap: trap_request=0xffffff45 fr.pc=0x0000022edc4e2d00 relative=0x0000000000000360
Event: 7.132 Thread 0x0000022eec8e7ab0 Uncommon trap: reason=unstable_if action=reinterpret pc=0x0000022edc4e2d00 method=java.lang.AbstractStringBuilder.isLatin1()Z @ 10 c2
Event: 7.132 Thread 0x0000022eec8e7ab0 DEOPT PACKING pc=0x0000022edc4e2d00 sp=0x000000e8decfe760
Event: 7.132 Thread 0x0000022eec8e7ab0 DEOPT UNPACKING pc=0x0000022edbf566a3 sp=0x000000e8decfe6e0 mode 2
Event: 7.142 Thread 0x0000022eec8e7ab0 Uncommon trap: trap_request=0xffffffc6 fr.pc=0x0000022edc52ecd0 relative=0x0000000000000990
Event: 7.142 Thread 0x0000022eec8e7ab0 Uncommon trap: reason=bimorphic_or_optimized_type_check action=maybe_recompile pc=0x0000022edc52ecd0 method=java.util.HashMap.putVal(ILjava/lang/Object;Ljava/lang/Object;ZZ)Ljava/lang/Object; @ 56 c2
Event: 7.142 Thread 0x0000022eec8e7ab0 DEOPT PACKING pc=0x0000022edc52ecd0 sp=0x000000e8decfde40
Event: 7.142 Thread 0x0000022eec8e7ab0 DEOPT UNPACKING pc=0x0000022edbf566a3 sp=0x000000e8decfdd98 mode 2
Event: 7.143 Thread 0x0000022eec8e7ab0 Uncommon trap: trap_request=0xffffffc6 fr.pc=0x0000022edc52ecd0 relative=0x0000000000000990
Event: 7.143 Thread 0x0000022eec8e7ab0 Uncommon trap: reason=bimorphic_or_optimized_type_check action=maybe_recompile pc=0x0000022edc52ecd0 method=java.util.HashMap.putVal(ILjava/lang/Object;Ljava/lang/Object;ZZ)Ljava/lang/Object; @ 56 c2
Event: 7.143 Thread 0x0000022eec8e7ab0 DEOPT PACKING pc=0x0000022edc52ecd0 sp=0x000000e8decfde40
Event: 7.143 Thread 0x0000022eec8e7ab0 DEOPT UNPACKING pc=0x0000022edbf566a3 sp=0x000000e8decfdd98 mode 2

Classes unloaded (7 events):
Event: 5.340 Thread 0x0000022ee5bbfcf0 Unloading class 0x000000010021e400 'java/lang/invoke/LambdaForm$MH+0x000000010021e400'
Event: 5.340 Thread 0x0000022ee5bbfcf0 Unloading class 0x000000010021e000 'java/lang/invoke/LambdaForm$MH+0x000000010021e000'
Event: 5.340 Thread 0x0000022ee5bbfcf0 Unloading class 0x000000010021dc00 'java/lang/invoke/LambdaForm$MH+0x000000010021dc00'
Event: 5.340 Thread 0x0000022ee5bbfcf0 Unloading class 0x000000010021d800 'java/lang/invoke/LambdaForm$MH+0x000000010021d800'
Event: 5.340 Thread 0x0000022ee5bbfcf0 Unloading class 0x000000010021d400 'java/lang/invoke/LambdaForm$BMH+0x000000010021d400'
Event: 5.340 Thread 0x0000022ee5bbfcf0 Unloading class 0x000000010021d000 'java/lang/invoke/LambdaForm$DMH+0x000000010021d000'
Event: 5.340 Thread 0x0000022ee5bbfcf0 Unloading class 0x0000000100218400 'java/lang/invoke/LambdaForm$DMH+0x0000000100218400'

Classes redefined (0 events):
No events

Internal exceptions (20 events):
Event: 5.077 Thread 0x0000022eec8e7ab0 Exception <a 'java/lang/NoSuchMethodError'{0x00000000eae122b8}: 'java.lang.Object java.lang.invoke.DirectMethodHandle$Holder.invokeStaticInit(java.lang.Object, int)'> (0x00000000eae122b8) 
thrown [s\src\hotspot\share\interpreter\linkResolver.cpp, line 759]
Event: 5.272 Thread 0x0000022eec8e7ab0 Exception <a 'java/lang/NoSuchMethodError'{0x00000000eb04e048}: 'java.lang.Object java.lang.invoke.DirectMethodHandle$Holder.invokeSpecial(java.lang.Object, java.lang.Object, java.lang.Object, long, java.lang.Object)'> (0x00000000eb04e048) 
thrown [s\src\hotspot\share\interpreter\linkResolver.cpp, line 759]
Event: 5.274 Thread 0x0000022eec8e7ab0 Exception <a 'java/lang/NoSuchMethodError'{0x00000000eb056200}: 'java.lang.Object java.lang.invoke.DirectMethodHandle$Holder.newInvokeSpecial(java.lang.Object, java.lang.Object, java.lang.Object, long)'> (0x00000000eb056200) 
thrown [s\src\hotspot\share\interpreter\linkResolver.cpp, line 759]
Event: 5.275 Thread 0x0000022eec8e7ab0 Exception <a 'java/lang/NoSuchMethodError'{0x00000000eb05a7a0}: 'java.lang.Object java.lang.invoke.DirectMethodHandle$Holder.invokeSpecial(java.lang.Object, java.lang.Object, java.lang.Object, java.lang.Object, long)'> (0x00000000eb05a7a0) 
thrown [s\src\hotspot\share\interpreter\linkResolver.cpp, line 759]
Event: 5.276 Thread 0x0000022eec8e7ab0 Exception <a 'java/lang/NoSuchMethodError'{0x00000000eb05e618}: 'java.lang.Object java.lang.invoke.Invokers$Holder.linkToTargetMethod(java.lang.Object, java.lang.Object, long, java.lang.Object)'> (0x00000000eb05e618) 
thrown [s\src\hotspot\share\interpreter\linkResolver.cpp, line 759]
Event: 5.297 Thread 0x0000022eec8e7ab0 Exception <a 'java/lang/NoSuchMethodError'{0x00000000eb0bfc40}: 'int java.lang.invoke.DirectMethodHandle$Holder.invokeStaticInit(java.lang.Object, java.lang.Object, java.lang.Object)'> (0x00000000eb0bfc40) 
thrown [s\src\hotspot\share\interpreter\linkResolver.cpp, line 759]
Event: 5.493 Thread 0x0000022eec8e7ab0 Exception <a 'java/lang/IncompatibleClassChangeError'{0x00000000eacc2e58}: Found class java.lang.Object, but interface was expected> (0x00000000eacc2e58) 
thrown [s\src\hotspot\share\interpreter\linkResolver.cpp, line 826]
Event: 5.502 Thread 0x0000022eec8e7ab0 Exception <a 'java/lang/NoSuchMethodError'{0x00000000eacd66f8}: 'java.lang.Object java.lang.invoke.DirectMethodHandle$Holder.invokeSpecial(java.lang.Object, java.lang.Object, java.lang.Object, int, java.lang.Object, java.lang.Object)'> (0x00000000eacd66f8) 
thrown [s\src\hotspot\share\interpreter\linkResolver.cpp, line 759]
Event: 5.504 Thread 0x0000022eec8e7ab0 Exception <a 'java/lang/NoSuchMethodError'{0x00000000eacdf478}: 'java.lang.Object java.lang.invoke.DirectMethodHandle$Holder.newInvokeSpecial(java.lang.Object, java.lang.Object, java.lang.Object, int, java.lang.Object)'> (0x00000000eacdf478) 
thrown [s\src\hotspot\share\interpreter\linkResolver.cpp, line 759]
Event: 5.505 Thread 0x0000022eec8e7ab0 Exception <a 'java/lang/NoSuchMethodError'{0x00000000eace38d0}: 'java.lang.Object java.lang.invoke.DirectMethodHandle$Holder.invokeSpecial(java.lang.Object, java.lang.Object, java.lang.Object, java.lang.Object, int, java.lang.Object)'> (0x00000000eace38d0) 
thrown [s\src\hotspot\share\interpreter\linkResolver.cpp, line 759]
Event: 5.507 Thread 0x0000022eec7324c0 Exception <a 'java/lang/NoSuchMethodError'{0x00000000ead21080}: 'java.lang.Object java.lang.invoke.DirectMethodHandle$Holder.invokeSpecial(java.lang.Object, java.lang.Object, int, java.lang.Object, java.lang.Object)'> (0x00000000ead21080) 
thrown [s\src\hotspot\share\interpreter\linkResolver.cpp, line 759]
Event: 5.509 Thread 0x0000022eec7324c0 Exception <a 'java/lang/NoSuchMethodError'{0x00000000ead28750}: 'java.lang.Object java.lang.invoke.DirectMethodHandle$Holder.newInvokeSpecial(java.lang.Object, java.lang.Object, int, java.lang.Object)'> (0x00000000ead28750) 
thrown [s\src\hotspot\share\interpreter\linkResolver.cpp, line 759]
Event: 5.510 Thread 0x0000022eec7324c0 Exception <a 'java/lang/NoSuchMethodError'{0x00000000ead2c260}: 'java.lang.Object java.lang.invoke.DirectMethodHandle$Holder.invokeSpecial(java.lang.Object, java.lang.Object, java.lang.Object, int, java.lang.Object)'> (0x00000000ead2c260) 
thrown [s\src\hotspot\share\interpreter\linkResolver.cpp, line 759]
Event: 6.448 Thread 0x0000022eec8e7ab0 Implicit null exception at 0x0000022edc595c49 to 0x0000022edc595d1c
Event: 6.938 Thread 0x0000022eec8e7ab0 Exception <a 'java/lang/ClassNotFoundException'{0x00000000eb683cb8}: com/sun/org/apache/xerces/internal/impl/msg/spi/DOMMessagesProvider> (0x00000000eb683cb8) 
thrown [s\src\hotspot\share\classfile\systemDictionary.cpp, line 256]
Event: 6.943 Thread 0x0000022eec8e7ab0 Exception <a 'java/lang/ClassNotFoundException'{0x00000000eb6aba90}: com/sun/org/apache/xerces/internal/impl/msg/spi/XMLSerializerMessagesProvider> (0x00000000eb6aba90) 
thrown [s\src\hotspot\share\classfile\systemDictionary.cpp, line 256]
Event: 6.945 Thread 0x0000022eec8e7ab0 Exception <a 'java/lang/ClassNotFoundException'{0x00000000eb6b8d18}: com/sun/org/apache/xerces/internal/impl/msg/spi/XMLMessagesProvider> (0x00000000eb6b8d18) 
thrown [s\src\hotspot\share\classfile\systemDictionary.cpp, line 256]
Event: 7.035 Thread 0x0000022eec8e7ab0 Exception <a 'java/lang/NoSuchMethodError'{0x00000000eb8f8e60}: 'java.lang.Object java.lang.invoke.DirectMethodHandle$Holder.newInvokeSpecial(java.lang.Object, int, java.lang.Object, java.lang.Object)'> (0x00000000eb8f8e60) 
thrown [s\src\hotspot\share\interpreter\linkResolver.cpp, line 759]
Event: 7.696 Thread 0x0000022eec8e7ab0 Exception <a 'java/lang/NoSuchMethodError'{0x00000000ebbb9748}: 'java.lang.Object java.lang.invoke.DirectMethodHandle$Holder.invokeStaticInit(java.lang.Object, int, int, int, int)'> (0x00000000ebbb9748) 
thrown [s\src\hotspot\share\interpreter\linkResolver.cpp, line 759]
Event: 7.991 Thread 0x0000022eec8e7ab0 Exception <a 'java/lang/NoSuchMethodError'{0x00000000ebccb4a0}: 'java.lang.Object java.lang.invoke.DirectMethodHandle$Holder.invokeStaticInit(java.lang.Object, java.lang.Object, int, int, int, int)'> (0x00000000ebccb4a0) 
thrown [s\src\hotspot\share\interpreter\linkResolver.cpp, line 759]

VM Operations (20 events):
Event: 4.812 Executing VM operation: ParallelGCFailedAllocation
Event: 4.820 Executing VM operation: ParallelGCFailedAllocation done
Event: 5.318 Executing VM operation: HandshakeAllThreads
Event: 5.318 Executing VM operation: HandshakeAllThreads done
Event: 5.327 Executing VM operation: CollectForMetadataAllocation
Event: 5.375 Executing VM operation: CollectForMetadataAllocation done
Event: 5.406 Executing VM operation: HandshakeAllThreads
Event: 5.406 Executing VM operation: HandshakeAllThreads done
Event: 5.538 Executing VM operation: HandshakeAllThreads
Event: 5.538 Executing VM operation: HandshakeAllThreads done
Event: 6.212 Executing VM operation: ParallelGCFailedAllocation
Event: 6.214 Executing VM operation: ParallelGCFailedAllocation done
Event: 6.668 Executing VM operation: ParallelGCFailedAllocation
Event: 6.671 Executing VM operation: ParallelGCFailedAllocation done
Event: 6.874 Executing VM operation: HandshakeAllThreads
Event: 6.874 Executing VM operation: HandshakeAllThreads done
Event: 7.130 Executing VM operation: HandshakeAllThreads
Event: 7.130 Executing VM operation: HandshakeAllThreads done
Event: 7.142 Executing VM operation: HandshakeAllThreads
Event: 7.142 Executing VM operation: HandshakeAllThreads done

Events (20 events):
Event: 7.804 loading class java/net/Inet6Address$Inet6AddressHolder
Event: 7.804 loading class java/net/Inet6Address$Inet6AddressHolder done
Event: 7.804 loading class java/net/DefaultInterface
Event: 7.804 loading class java/net/DefaultInterface done
Event: 7.897 loading class java/net/NetworkInterface$1
Event: 7.898 loading class java/net/NetworkInterface$1 done
Event: 7.954 loading class java/nio/file/Files$AcceptAllFilter
Event: 7.954 loading class java/nio/file/DirectoryStream$Filter
Event: 7.954 loading class java/nio/file/DirectoryStream$Filter done
Event: 7.954 loading class java/nio/file/Files$AcceptAllFilter done
Event: 7.954 loading class sun/nio/fs/WindowsDirectoryStream
Event: 7.955 loading class java/nio/file/DirectoryStream
Event: 7.955 loading class java/nio/file/DirectoryStream done
Event: 7.955 loading class sun/nio/fs/WindowsDirectoryStream done
Event: 7.956 loading class sun/nio/fs/WindowsDirectoryStream$WindowsDirectoryIterator
Event: 7.956 loading class sun/nio/fs/WindowsDirectoryStream$WindowsDirectoryIterator done
Event: 7.957 loading class sun/nio/fs/WindowsPath$WindowsPathWithAttributes
Event: 7.957 loading class sun/nio/fs/BasicFileAttributesHolder
Event: 7.957 loading class sun/nio/fs/BasicFileAttributesHolder done
Event: 7.957 loading class sun/nio/fs/WindowsPath$WindowsPathWithAttributes done


Dynamic libraries:
0x00007ff6e90d0000 - 0x00007ff6e90de000 	c:\Users\Dell\.vscode\extensions\redhat.java-1.31.0-win32-x64\jre\17.0.11-win32-x86_64\bin\java.exe
0x00007ffd70be0000 - 0x00007ffd70de9000 	C:\Windows\SYSTEM32\ntdll.dll
0x00007ffd6eb70000 - 0x00007ffd6ec2d000 	C:\Windows\System32\KERNEL32.DLL
0x00007ffd6e420000 - 0x00007ffd6e7a4000 	C:\Windows\System32\KERNELBASE.dll
0x00007ffd6e8a0000 - 0x00007ffd6e9b1000 	C:\Windows\System32\ucrtbase.dll
0x00007ffd6a5f0000 - 0x00007ffd6a607000 	c:\Users\Dell\.vscode\extensions\redhat.java-1.31.0-win32-x64\jre\17.0.11-win32-x86_64\bin\jli.dll
0x00007ffd6ff60000 - 0x00007ffd7010d000 	C:\Windows\System32\USER32.dll
0x00007ffd6e870000 - 0x00007ffd6e896000 	C:\Windows\System32\win32u.dll
0x00007ffd6fad0000 - 0x00007ffd6fafa000 	C:\Windows\System32\GDI32.dll
0x00007ffd6e300000 - 0x00007ffd6e41e000 	C:\Windows\System32\gdi32full.dll
0x00007ffd6e1e0000 - 0x00007ffd6e27d000 	C:\Windows\System32\msvcp_win.dll
0x00007ffd69fc0000 - 0x00007ffd69fdb000 	c:\Users\Dell\.vscode\extensions\redhat.java-1.31.0-win32-x64\jre\17.0.11-win32-x86_64\bin\VCRUNTIME140.dll
0x00007ffd4b7b0000 - 0x00007ffd4ba55000 	C:\Windows\WinSxS\amd64_microsoft.windows.common-controls_6595b64144ccf1df_6.0.22000.120_none_9d947278b86cc467\COMCTL32.dll
0x00007ffd70a40000 - 0x00007ffd70ae3000 	C:\Windows\System32\msvcrt.dll
0x00007ffd6fcc0000 - 0x00007ffd6fcf1000 	C:\Windows\System32\IMM32.DLL
0x00007ffd63c80000 - 0x00007ffd63c8c000 	c:\Users\Dell\.vscode\extensions\redhat.java-1.31.0-win32-x64\jre\17.0.11-win32-x86_64\bin\vcruntime140_1.dll
0x00007ffd5b300000 - 0x00007ffd5b38d000 	c:\Users\Dell\.vscode\extensions\redhat.java-1.31.0-win32-x64\jre\17.0.11-win32-x86_64\bin\msvcp140.dll
0x00007ffd288e0000 - 0x00007ffd29542000 	c:\Users\Dell\.vscode\extensions\redhat.java-1.31.0-win32-x64\jre\17.0.11-win32-x86_64\bin\server\jvm.dll
0x00007ffd70af0000 - 0x00007ffd70b9e000 	C:\Windows\System32\ADVAPI32.dll
0x00007ffd6f080000 - 0x00007ffd6f11e000 	C:\Windows\System32\sechost.dll
0x00007ffd6ea40000 - 0x00007ffd6eb61000 	C:\Windows\System32\RPCRT4.dll
0x00007ffd6c9d0000 - 0x00007ffd6ca1d000 	C:\Windows\SYSTEM32\POWRPROF.dll
0x00007ffd5f5f0000 - 0x00007ffd5f5f9000 	C:\Windows\SYSTEM32\WSOCK32.dll
0x00007ffd6f010000 - 0x00007ffd6f07f000 	C:\Windows\System32\WS2_32.dll
0x00007ffd67450000 - 0x00007ffd67483000 	C:\Windows\SYSTEM32\WINMM.dll
0x00007ffd67680000 - 0x00007ffd6768a000 	C:\Windows\SYSTEM32\VERSION.dll
0x00007ffd6cac0000 - 0x00007ffd6cad3000 	C:\Windows\SYSTEM32\UMPDC.dll
0x00007ffd6d1d0000 - 0x00007ffd6d1e8000 	C:\Windows\SYSTEM32\kernel.appcore.dll
0x00007ffd5c100000 - 0x00007ffd5c10a000 	c:\Users\Dell\.vscode\extensions\redhat.java-1.31.0-win32-x64\jre\17.0.11-win32-x86_64\bin\jimage.dll
0x00007ffd6bcd0000 - 0x00007ffd6bef1000 	C:\Windows\SYSTEM32\DBGHELP.DLL
0x00007ffd602c0000 - 0x00007ffd602f1000 	C:\Windows\SYSTEM32\dbgcore.DLL
0x00007ffd6e280000 - 0x00007ffd6e2ff000 	C:\Windows\System32\bcryptPrimitives.dll
0x00007ffd5bfc0000 - 0x00007ffd5bfce000 	c:\Users\Dell\.vscode\extensions\redhat.java-1.31.0-win32-x64\jre\17.0.11-win32-x86_64\bin\instrument.dll
0x00007ffd5b480000 - 0x00007ffd5b4a5000 	c:\Users\Dell\.vscode\extensions\redhat.java-1.31.0-win32-x64\jre\17.0.11-win32-x86_64\bin\java.dll
0x00007ffd5b460000 - 0x00007ffd5b478000 	c:\Users\Dell\.vscode\extensions\redhat.java-1.31.0-win32-x64\jre\17.0.11-win32-x86_64\bin\zip.dll
0x00007ffd701f0000 - 0x00007ffd709b5000 	C:\Windows\System32\SHELL32.dll
0x00007ffd6c150000 - 0x00007ffd6c9b2000 	C:\Windows\SYSTEM32\windows.storage.dll
0x00007ffd6f5d0000 - 0x00007ffd6f946000 	C:\Windows\System32\combase.dll
0x00007ffd6bfe0000 - 0x00007ffd6c147000 	C:\Windows\SYSTEM32\wintypes.dll
0x00007ffd6fb60000 - 0x00007ffd6fc4a000 	C:\Windows\System32\SHCORE.dll
0x00007ffd6fa70000 - 0x00007ffd6facd000 	C:\Windows\System32\shlwapi.dll
0x00007ffd6dfa0000 - 0x00007ffd6dfc5000 	C:\Windows\SYSTEM32\profapi.dll
0x00007ffd5b440000 - 0x00007ffd5b459000 	C:\Users\Dell\.vscode\extensions\redhat.java-1.31.0-win32-x64\jre\17.0.11-win32-x86_64\bin\net.dll
0x00007ffd671d0000 - 0x00007ffd672e4000 	C:\Windows\SYSTEM32\WINHTTP.dll
0x00007ffd6d680000 - 0x00007ffd6d6e7000 	C:\Windows\system32\mswsock.dll
0x00007ffd5ab90000 - 0x00007ffd5aba6000 	C:\Users\Dell\.vscode\extensions\redhat.java-1.31.0-win32-x64\jre\17.0.11-win32-x86_64\bin\nio.dll
0x00007ffd5bdd0000 - 0x00007ffd5bde0000 	c:\Users\Dell\.vscode\extensions\redhat.java-1.31.0-win32-x64\jre\17.0.11-win32-x86_64\bin\verify.dll
0x00007ffd57ed0000 - 0x00007ffd57f14000 	C:\Users\Dell\AppData\Roaming\Code\User\globalStorage\redhat.java\1.31.0\config_ss_win\org.eclipse.equinox.launcher\org.eclipse.equinox.launcher.win32.win32.x86_64_1.2.1000.v20240507-1834\eclipse_11902.dll
0x00007ffd6ec30000 - 0x00007ffd6edca000 	C:\Windows\System32\ole32.dll
0x00007ffd6d8c0000 - 0x00007ffd6d8d8000 	C:\Windows\SYSTEM32\CRYPTSP.dll
0x00007ffd6d130000 - 0x00007ffd6d165000 	C:\Windows\system32\rsaenh.dll
0x00007ffd6d770000 - 0x00007ffd6d79c000 	C:\Windows\SYSTEM32\USERENV.dll
0x00007ffd6da40000 - 0x00007ffd6da67000 	C:\Windows\SYSTEM32\bcrypt.dll
0x00007ffd6d8e0000 - 0x00007ffd6d8ec000 	C:\Windows\SYSTEM32\CRYPTBASE.dll
0x00007ffd6ccf0000 - 0x00007ffd6cd1d000 	C:\Windows\SYSTEM32\IPHLPAPI.DLL
0x00007ffd6f140000 - 0x00007ffd6f149000 	C:\Windows\System32\NSI.dll
0x00007ffd67430000 - 0x00007ffd67449000 	C:\Windows\SYSTEM32\dhcpcsvc6.DLL
0x00007ffd67930000 - 0x00007ffd6794e000 	C:\Windows\SYSTEM32\dhcpcsvc.DLL
0x00007ffd6cd60000 - 0x00007ffd6ce47000 	C:\Windows\SYSTEM32\DNSAPI.dll

dbghelp: loaded successfully - version: 4.0.5 - missing functions: none
symbol engine: initialized successfully - sym options: 0x614 - pdb path: .;c:\Users\Dell\.vscode\extensions\redhat.java-1.31.0-win32-x64\jre\17.0.11-win32-x86_64\bin;C:\Windows\SYSTEM32;C:\Windows\WinSxS\amd64_microsoft.windows.common-controls_6595b64144ccf1df_6.0.22000.120_none_9d947278b86cc467;c:\Users\Dell\.vscode\extensions\redhat.java-1.31.0-win32-x64\jre\17.0.11-win32-x86_64\bin\server;C:\Users\Dell\AppData\Roaming\Code\User\globalStorage\redhat.java\1.31.0\config_ss_win\org.eclipse.equinox.launcher\org.eclipse.equinox.launcher.win32.win32.x86_64_1.2.1000.v20240507-1834

VM Arguments:
jvm_args: --add-modules=ALL-SYSTEM --add-opens=java.base/java.util=ALL-UNNAMED --add-opens=java.base/java.lang=ALL-UNNAMED --add-opens=java.base/sun.nio.fs=ALL-UNNAMED -Declipse.application=org.eclipse.jdt.ls.core.id1 -Dosgi.bundles.defaultStartLevel=4 -Declipse.product=org.eclipse.jdt.ls.core.product -Djava.import.generatesMetadataFilesAtProjectRoot=false -DDetectVMInstallationsJob.disabled=true -Dfile.encoding=utf8 -XX:+UseParallelGC -XX:GCTimeRatio=4 -XX:AdaptiveSizePolicyWeight=90 -Dsun.zip.disableMemoryMapping=true -Xmx1G -Xms100m -Xlog:disable -javaagent:c:\Users\Dell\.vscode\extensions\redhat.java-1.31.0-win32-x64\lombok\lombok-1.18.32.jar 
java_command: c:\Users\Dell\.vscode\extensions\redhat.java-1.31.0-win32-x64\server\plugins\org.eclipse.equinox.launcher_1.6.800.v20240513-1750.jar -configuration c:\Users\Dell\AppData\Roaming\Code\User\globalStorage\redhat.java\1.31.0\config_ss_win -data c:\Users\Dell\AppData\Roaming\Code\User\workspaceStorage\948d9ce6461e13378c3298214a0fac19\redhat.java\ss_ws --pipe=\\.\pipe\lsp-22e34dfe2d8de6625733694ee60262e9-sock
java_class_path (initial): c:\Users\Dell\.vscode\extensions\redhat.java-1.31.0-win32-x64\server\plugins\org.eclipse.equinox.launcher_1.6.800.v20240513-1750.jar
Launcher Type: SUN_STANDARD

[Global flags]
    uintx AdaptiveSizePolicyWeight                 = 90                                        {product} {command line}
     intx CICompilerCount                          = 4                                         {product} {ergonomic}
    uintx GCTimeRatio                              = 4                                         {product} {command line}
   size_t InitialHeapSize                          = 104857600                                 {product} {command line}
   size_t MaxHeapSize                              = 1073741824                                {product} {command line}
   size_t MaxNewSize                               = 357564416                                 {product} {ergonomic}
   size_t MinHeapDeltaBytes                        = 524288                                    {product} {ergonomic}
   size_t MinHeapSize                              = 104857600                                 {product} {command line}
   size_t NewSize                                  = 34603008                                  {product} {ergonomic}
    uintx NonNMethodCodeHeapSize                   = 5839372                                {pd product} {ergonomic}
    uintx NonProfiledCodeHeapSize                  = 122909434                              {pd product} {ergonomic}
   size_t OldSize                                  = 70254592                                  {product} {ergonomic}
    uintx ProfiledCodeHeapSize                     = 122909434                              {pd product} {ergonomic}
    uintx ReservedCodeCacheSize                    = 251658240                              {pd product} {ergonomic}
     bool SegmentedCodeCache                       = true                                      {product} {ergonomic}
   size_t SoftMaxHeapSize                          = 1073741824                             {manageable} {ergonomic}
     bool UseCompressedClassPointers               = true                           {product lp64_product} {ergonomic}
     bool UseCompressedOops                        = true                           {product lp64_product} {ergonomic}
     bool UseLargePagesIndividualAllocation        = false                                  {pd product} {ergonomic}
     bool UseParallelGC                            = true                                      {product} {command line}

Logging:
Log output configuration:
 #0: stdout all=off uptime,level,tags
 #1: stderr all=off uptime,level,tags

Environment Variables:
PATH=C:\Program Files\Eclipse Adoptium\jdk-21.0.3.9-hotspot\bin;C:\Program Files\Common Files\Oracle\Java\javapath;C:\Program Files\AdoptOpenJDK\jre-11.0.7.10-hotspot\bin;C:\Windows\system32;C:\Windows;C:\Windows\System32\Wbem;C:\Windows\System32\WindowsPowerShell\v1.0\;C:\Windows\System32\OpenSSH\;C:\Program Files\Java\jdk-21\bin;C:\Users\Dell\AppData\Local\Programs\Python\Python312\Scripts\;C:\Users\Dell\AppData\Local\Programs\Python\Python312\;C:\Users\Dell\AppData\Local\Microsoft\WindowsApps;;C:\Users\Dell\AppData\Local\Programs\Microsoft VS Code\bin
USERNAME=Dell
OS=Windows_NT
PROCESSOR_IDENTIFIER=Intel64 Family 6 Model 142 Stepping 12, GenuineIntel
TMP=C:\Users\Dell\AppData\Local\Temp
TEMP=C:\Users\Dell\AppData\Local\Temp



Periodic native trim disabled


---------------  S Y S T E M  ---------------

OS:
 Windows 11 , 64 bit Build 22000 (10.0.22000.2538)
OS uptime: 28 days 14:41 hours

CPU: total 8 (initial active 8) (4 cores per cpu, 2 threads per core) family 6 model 142 stepping 12 microcode 0xde, cx8, cmov, fxsr, ht, mmx, 3dnowpref, sse, sse2, sse3, ssse3, sse4.1, sse4.2, popcnt, lzcnt, tsc, tscinvbit, avx, avx2, aes, erms, clmul, bmi1, bmi2, adx, fma, vzeroupper, clflush, clflushopt
Processor Information for all 8 processors :
  Max Mhz: 1800, Current Mhz: 1600, Mhz Limit: 1584

Memory: 4k page, system-wide physical 8064M (1272M free)
TotalPageFile size 10112M (AvailPageFile size 13M)
current process WorkingSet (physical memory assigned to process): 134M, peak: 137M
current process commit charge ("private bytes"): 241M, peak: 246M

vm_info: OpenJDK 64-Bit Server VM (17.0.11+9) for windows-amd64 JRE (17.0.11+9), built on Apr 17 2024 06:07:48 by "admin" with MS VC++ 16.10 / 16.11 (VS2019)

END.
