#
# There is insufficient memory for the Java Runtime Environment to continue.
# Native memory allocation (mmap) failed to map 8388608 bytes. Error detail: G1 virtual space
# Possible reasons:
#   The system is out of physical RAM or swap space
#   This process is running with CompressedOops enabled, and the Java Heap may be blocking the growth of the native heap
# Possible solutions:
#   Reduce memory load on the system
#   Increase physical memory or swap space
#   Check if swap backing store is full
#   Decrease Java heap size (-Xmx/-Xms)
#   Decrease number of Java threads
#   Decrease Java thread stack sizes (-Xss)
#   Set larger code cache with -XX:ReservedCodeCacheSize=
#   JVM is running with Unscaled Compressed Oops mode in which the Java heap is
#     placed in the first 4GB address space. The Java Heap base address is the
#     maximum limit for the native heap growth. Please use -XX:HeapBaseMinAddress
#     to set the Java Heap base and to place the Java Heap above 4GB virtual address.
# This output file may be truncated or incomplete.
#
#  Out of Memory Error (os_windows.cpp:3603), pid=13840, tid=14676
#
# JRE version:  (21.0.3+9) (build )
# Java VM: OpenJDK 64-Bit Server VM (21.0.3+9-LTS, mixed mode, sharing, tiered, compressed oops, compressed class ptrs, g1 gc, windows-amd64)
# No core dump will be written. Minidumps are not enabled by default on client versions of Windows
#

---------------  S U M M A R Y ------------

Command Line: -Dapplication.home=C:\Program Files\Eclipse Adoptium\jdk-21.0.3.9-hotspot --add-modules=ALL-DEFAULT -Xms8m -Djdk.module.main=jdk.compiler jdk.compiler/com.sun.tools.javac.Main ATMAPPP.java

Host: Intel(R) Core(TM) i5-8265U CPU @ 1.60GHz, 8 cores, 7G,  Windows 11 , 64 bit Build 22000 (10.0.22000.2538)
Time: Mon Jun  3 05:43:56 2024 India Standard Time elapsed time: 0.077357 seconds (0d 0h 0m 0s)

---------------  T H R E A D  ---------------

Current thread (0x000002a51ce9e460):  JavaThread "Unknown thread" [_thread_in_vm, id=14676, stack(0x000000b7a8c00000,0x000000b7a8d00000) (1024K)]

Stack: [0x000000b7a8c00000,0x000000b7a8d00000]
Native frames: (J=compiled Java code, j=interpreted, Vv=VM code, C=native code)
V  [jvm.dll+0x6c8699]
V  [jvm.dll+0x8a2061]
V  [jvm.dll+0x8a458e]
V  [jvm.dll+0x8a4c63]
V  [jvm.dll+0x27e476]
V  [jvm.dll+0x6c4e15]
V  [jvm.dll+0x6b9b0a]
V  [jvm.dll+0x3523ba]
V  [jvm.dll+0x359f66]
V  [jvm.dll+0x3ab1be]
V  [jvm.dll+0x3ab468]
V  [jvm.dll+0x3265fc]
V  [jvm.dll+0x32715b]
V  [jvm.dll+0x86b0b9]
V  [jvm.dll+0x3b81c1]
V  [jvm.dll+0x854318]
V  [jvm.dll+0x44c55e]
V  [jvm.dll+0x44e081]
C  [jli.dll+0x5278]
C  [ucrtbase.dll+0x26c0c]
C  [KERNEL32.DLL+0x153e0]
C  [ntdll.dll+0x485b]


---------------  P R O C E S S  ---------------

Threads class SMR info:
_java_thread_list=0x00007ffd304ce048, length=0, elements={
}

Java Threads: ( => current thread )
Total: 0

Other Threads:
  0x000002a51f0b9220 WorkerThread "GC Thread#0"                     [id=8536, stack(0x000000b7a8d00000,0x000000b7a8e00000) (1024K)]
  0x000002a51f0c9e40 ConcurrentGCThread "G1 Main Marker"            [id=9872, stack(0x000000b7a8e00000,0x000000b7a8f00000) (1024K)]
  0x000002a51f0caaf0 WorkerThread "G1 Conc#0"                       [id=12040, stack(0x000000b7a8f00000,0x000000b7a9000000) (1024K)]

[error occurred during error reporting (printing all threads), id 0xc0000005, EXCEPTION_ACCESS_VIOLATION (0xc0000005) at pc=0x00007ffd2fbd8f27]
VM state: not at safepoint (not fully initialized)

VM Mutex/Monitor currently owned by a thread:  ([mutex/lock_event])
[0x00007ffd30542228] Heap_lock - owner thread: 0x000002a51ce9e460

Heap address: 0x0000000081e00000, size: 2018 MB, Compressed Oops mode: 32-bit

CDS archive(s) mapped at: [0x0000000000000000-0x0000000000000000-0x0000000000000000), size 0, SharedBaseAddress: 0x0000000800000000, ArchiveRelocationMode: 1.
Narrow klass base: 0x0000000000000000, Narrow klass shift: 0, Narrow klass range: 0x0

GC Precious Log:
 CardTable entry size: 512
 Card Set container configuration: InlinePtr #cards 5 size 8 Array Of Cards #cards 12 size 40 Howl #buckets 4 coarsen threshold 1843 Howl Bitmap #cards 512 size 80 coarsen threshold 460 Card regions per heap region 1 cards per card region 2048

Heap:
 garbage-first heap   total 0K, used 0K [0x0000000081e00000, 0x0000000100000000)
  region size 1024K, 0 young (0K), 0 survivors (0K)

[error occurred during error reporting (printing heap information), id 0xc0000005, EXCEPTION_ACCESS_VIOLATION (0xc0000005) at pc=0x00007ffd2ffc2069]
GC Heap History (0 events):
No events

Dll operation events (1 events):
Event: 0.005 Loaded shared library C:\Program Files\Eclipse Adoptium\jdk-21.0.3.9-hotspot\bin\java.dll

Deoptimization events (0 events):
No events

Classes loaded (0 events):
No events

Classes unloaded (0 events):
No events

Classes redefined (0 events):
No events

Internal exceptions (0 events):
No events

ZGC Phase Switch (0 events):
No events

VM Operations (0 events):
No events

Events (0 events):
No events


Dynamic libraries:
0x00007ff72c020000 - 0x00007ff72c028000 	C:\Program Files\Eclipse Adoptium\jdk-21.0.3.9-hotspot\bin\javac.exe
0x00007ffd70be0000 - 0x00007ffd70de9000 	C:\Windows\SYSTEM32\ntdll.dll
0x00007ffd6eb70000 - 0x00007ffd6ec2d000 	C:\Windows\System32\KERNEL32.DLL
0x00007ffd6e420000 - 0x00007ffd6e7a4000 	C:\Windows\System32\KERNELBASE.dll
0x00007ffd6e8a0000 - 0x00007ffd6e9b1000 	C:\Windows\System32\ucrtbase.dll
0x00007ffd6a950000 - 0x00007ffd6a968000 	C:\Program Files\Eclipse Adoptium\jdk-21.0.3.9-hotspot\bin\jli.dll
0x00007ffd6a890000 - 0x00007ffd6a8ab000 	C:\Program Files\Eclipse Adoptium\jdk-21.0.3.9-hotspot\bin\VCRUNTIME140.dll
0x00007ffd6ff60000 - 0x00007ffd7010d000 	C:\Windows\System32\USER32.dll
0x00007ffd6e870000 - 0x00007ffd6e896000 	C:\Windows\System32\win32u.dll
0x00007ffd4b7b0000 - 0x00007ffd4ba55000 	C:\Windows\WinSxS\amd64_microsoft.windows.common-controls_6595b64144ccf1df_6.0.22000.120_none_9d947278b86cc467\COMCTL32.dll
0x00007ffd70a40000 - 0x00007ffd70ae3000 	C:\Windows\System32\msvcrt.dll
0x00007ffd6fad0000 - 0x00007ffd6fafa000 	C:\Windows\System32\GDI32.dll
0x00007ffd6e300000 - 0x00007ffd6e41e000 	C:\Windows\System32\gdi32full.dll
0x00007ffd6e1e0000 - 0x00007ffd6e27d000 	C:\Windows\System32\msvcp_win.dll
0x00007ffd6fcc0000 - 0x00007ffd6fcf1000 	C:\Windows\System32\IMM32.DLL
0x00007ffd6a920000 - 0x00007ffd6a92c000 	C:\Program Files\Eclipse Adoptium\jdk-21.0.3.9-hotspot\bin\vcruntime140_1.dll
0x00007ffd5b960000 - 0x00007ffd5b9ee000 	C:\Program Files\Eclipse Adoptium\jdk-21.0.3.9-hotspot\bin\msvcp140.dll
0x00007ffd2f8a0000 - 0x00007ffd30622000 	C:\Program Files\Eclipse Adoptium\jdk-21.0.3.9-hotspot\bin\server\jvm.dll
0x00007ffd70af0000 - 0x00007ffd70b9e000 	C:\Windows\System32\ADVAPI32.dll
0x00007ffd6f080000 - 0x00007ffd6f11e000 	C:\Windows\System32\sechost.dll
0x00007ffd6ea40000 - 0x00007ffd6eb61000 	C:\Windows\System32\RPCRT4.dll
0x00007ffd6f010000 - 0x00007ffd6f07f000 	C:\Windows\System32\WS2_32.dll
0x00007ffd6c9d0000 - 0x00007ffd6ca1d000 	C:\Windows\SYSTEM32\POWRPROF.dll
0x00007ffd67450000 - 0x00007ffd67483000 	C:\Windows\SYSTEM32\WINMM.dll
0x00007ffd67680000 - 0x00007ffd6768a000 	C:\Windows\SYSTEM32\VERSION.dll
0x00007ffd6cac0000 - 0x00007ffd6cad3000 	C:\Windows\SYSTEM32\UMPDC.dll
0x00007ffd6d1d0000 - 0x00007ffd6d1e8000 	C:\Windows\SYSTEM32\kernel.appcore.dll
0x00007ffd6a8d0000 - 0x00007ffd6a8da000 	C:\Program Files\Eclipse Adoptium\jdk-21.0.3.9-hotspot\bin\jimage.dll
0x00007ffd6bcd0000 - 0x00007ffd6bef1000 	C:\Windows\SYSTEM32\DBGHELP.DLL
0x00007ffd602c0000 - 0x00007ffd602f1000 	C:\Windows\SYSTEM32\dbgcore.DLL
0x00007ffd6e280000 - 0x00007ffd6e2ff000 	C:\Windows\System32\bcryptPrimitives.dll
0x00007ffd6a150000 - 0x00007ffd6a16f000 	C:\Program Files\Eclipse Adoptium\jdk-21.0.3.9-hotspot\bin\java.dll

dbghelp: loaded successfully - version: 4.0.5 - missing functions: none
symbol engine: initialized successfully - sym options: 0x614 - pdb path: .;C:\Program Files\Eclipse Adoptium\jdk-21.0.3.9-hotspot\bin;C:\Windows\SYSTEM32;C:\Windows\WinSxS\amd64_microsoft.windows.common-controls_6595b64144ccf1df_6.0.22000.120_none_9d947278b86cc467;C:\Program Files\Eclipse Adoptium\jdk-21.0.3.9-hotspot\bin\server

VM Arguments:
jvm_args: -Dapplication.home=C:\Program Files\Eclipse Adoptium\jdk-21.0.3.9-hotspot --add-modules=ALL-DEFAULT -Xms8m -Djdk.module.main=jdk.compiler 
java_command: jdk.compiler/com.sun.tools.javac.Main ATMAPPP.java
java_class_path (initial): <not set>
Launcher Type: SUN_STANDARD

[Global flags]
     intx CICompilerCount                          = 4                                         {product} {ergonomic}
     uint ConcGCThreads                            = 2                                         {product} {ergonomic}
     uint G1ConcRefinementThreads                  = 8                                         {product} {ergonomic}
   size_t G1HeapRegionSize                         = 1048576                                   {product} {ergonomic}
    uintx GCDrainStackTargetSize                   = 64                                        {product} {ergonomic}
   size_t InitialHeapSize                          = 8388608                                   {product} {command line}
   size_t MarkStackSize                            = 4194304                                   {product} {ergonomic}
   size_t MaxHeapSize                              = 2116026368                                {product} {ergonomic}
   size_t MinHeapDeltaBytes                        = 1048576                                   {product} {ergonomic}
   size_t MinHeapSize                              = 8388608                                   {product} {command line}
    uintx NonNMethodCodeHeapSize                   = 5839372                                {pd product} {ergonomic}
    uintx NonProfiledCodeHeapSize                  = 122909434                              {pd product} {ergonomic}
    uintx ProfiledCodeHeapSize                     = 122909434                              {pd product} {ergonomic}
    uintx ReservedCodeCacheSize                    = 251658240                              {pd product} {ergonomic}
     bool SegmentedCodeCache                       = true                                      {product} {ergonomic}
   size_t SoftMaxHeapSize                          = 2116026368                             {manageable} {ergonomic}
     bool UseCompressedOops                        = true                           {product lp64_product} {ergonomic}
     bool UseG1GC                                  = true                                      {product} {ergonomic}
     bool UseLargePagesIndividualAllocation        = false                                  {pd product} {ergonomic}

Logging:
Log output configuration:
 #0: stdout all=warning uptime,level,tags foldmultilines=false
 #1: stderr all=off uptime,level,tags foldmultilines=false

Environment Variables:
PATH=C:\Program Files\Eclipse Adoptium\jdk-21.0.3.9-hotspot\bin;C:\Program Files\Common Files\Oracle\Java\javapath;C:\Program Files\AdoptOpenJDK\jre-11.0.7.10-hotspot\bin;C:\Windows\system32;C:\Windows;C:\Windows\System32\Wbem;C:\Windows\System32\WindowsPowerShell\v1.0\;C:\Windows\System32\OpenSSH\;C:\Program Files\Java\jdk-21\bin;C:\Users\Dell\AppData\Local\Programs\Python\Python312\Scripts\;C:\Users\Dell\AppData\Local\Programs\Python\Python312\;C:\Users\Dell\AppData\Local\Microsoft\WindowsApps;;C:\Users\Dell\AppData\Local\Programs\Microsoft VS Code\bin
USERNAME=Dell
LANG=en_US.UTF-8
OS=Windows_NT
PROCESSOR_IDENTIFIER=Intel64 Family 6 Model 142 Stepping 12, GenuineIntel
TMP=C:\Users\Dell\AppData\Local\Temp
TEMP=C:\Users\Dell\AppData\Local\Temp




Periodic native trim disabled

---------------  S Y S T E M  ---------------

OS:
 Windows 11 , 64 bit Build 22000 (10.0.22000.2538)
OS uptime: 28 days 14:13 hours

CPU: total 8 (initial active 8) (4 cores per cpu, 2 threads per core) family 6 model 142 stepping 12 microcode 0xde, cx8, cmov, fxsr, ht, mmx, 3dnowpref, sse, sse2, sse3, ssse3, sse4.1, sse4.2, popcnt, lzcnt, tsc, tscinvbit, avx, avx2, aes, erms, clmul, bmi1, bmi2, adx, fma, vzeroupper, clflush, clflushopt, rdtscp, f16c
Processor Information for all 8 processors :
  Max Mhz: 1800, Current Mhz: 1600, Mhz Limit: 1584

Memory: 4k page, system-wide physical 8064M (1205M free)
TotalPageFile size 10112M (AvailPageFile size 8M)
current process WorkingSet (physical memory assigned to process): 10M, peak: 10M
current process commit charge ("private bytes"): 60M, peak: 68M

vm_info: OpenJDK 64-Bit Server VM (21.0.3+9-LTS) for windows-amd64 JRE (21.0.3+9-LTS), built on 2024-04-16T00:00:00Z by "admin" with MS VC++ 17.7 (VS2022)

END.
